<?xml version="1.0" encoding="UTF-8" ?>
<testsuite failures="0" time="0.006" errors="0" skipped="0" tests="2" name="com.gisgraphy.gisgraphoid.RestClientTest">
  <properties>
    <property name="java.runtime.name" value="Java(TM) SE Runtime Environment"/>
    <property name="sun.boot.library.path" value="/usr/lib/jvm/java-6-sun-1.6.0.26/jre/lib/i386"/>
    <property name="java.vm.version" value="20.1-b02"/>
    <property name="java.vm.vendor" value="Sun Microsystems Inc."/>
    <property name="java.vendor.url" value="http://java.sun.com/"/>
    <property name="path.separator" value=":"/>
    <property name="java.vm.name" value="Java HotSpot(TM) Server VM"/>
    <property name="file.encoding.pkg" value="sun.io"/>
    <property name="user.country" value="FR"/>
    <property name="sun.java.launcher" value="SUN_STANDARD"/>
    <property name="sun.os.patch.level" value="unknown"/>
    <property name="java.vm.specification.name" value="Java Virtual Machine Specification"/>
    <property name="user.dir" value="/home/gisgraphy/workspace/gisgraphoid"/>
    <property name="java.runtime.version" value="1.6.0_26-b03"/>
    <property name="java.awt.graphicsenv" value="sun.awt.X11GraphicsEnvironment"/>
    <property name="basedir" value="/home/gisgraphy/workspace/gisgraphoid"/>
    <property name="java.endorsed.dirs" value="/usr/lib/jvm/java-6-sun-1.6.0.26/jre/lib/endorsed"/>
    <property name="os.arch" value="i386"/>
    <property name="surefire.real.class.path" value="/tmp/surefirebooter3270533017915035791.jar"/>
    <property name="java.io.tmpdir" value="/tmp"/>
    <property name="line.separator" value="
"/>
    <property name="java.vm.specification.vendor" value="Sun Microsystems Inc."/>
    <property name="os.name" value="Linux"/>
    <property name="sun.jnu.encoding" value="UTF-8"/>
    <property name="java.library.path" value="/usr/lib/jvm/java-6-sun-1.6.0.26/jre/lib/i386/server:/usr/lib/jvm/java-6-sun-1.6.0.26/jre/lib/i386:/usr/lib/jvm/java-6-sun-1.6.0.26/jre/../lib/i386:/usr/java/packages/lib/i386:/lib:/usr/lib"/>
    <property name="surefire.test.class.path" value="/home/gisgraphy/workspace/gisgraphoid/target/test-classes:/home/gisgraphy/workspace/gisgraphoid/target/classes:/home/gisgraphy/.m2/repository/com/google/android/android/2.1.2/android-2.1.2.jar:/home/gisgraphy/.m2/repository/commons-logging/commons-logging/1.1.1/commons-logging-1.1.1.jar:/home/gisgraphy/.m2/repository/org/apache/httpcomponents/httpclient/4.0.1/httpclient-4.0.1.jar:/home/gisgraphy/.m2/repository/org/apache/httpcomponents/httpcore/4.0.1/httpcore-4.0.1.jar:/home/gisgraphy/.m2/repository/commons-codec/commons-codec/1.3/commons-codec-1.3.jar:/home/gisgraphy/.m2/repository/org/khronos/opengl-api/gl1.1-android-2.1_r1/opengl-api-gl1.1-android-2.1_r1.jar:/home/gisgraphy/.m2/repository/xerces/xmlParserAPIs/2.6.2/xmlParserAPIs-2.6.2.jar:/home/gisgraphy/.m2/repository/xpp3/xpp3/1.1.4c/xpp3-1.1.4c.jar:/home/gisgraphy/.m2/repository/org/json/json/20080701/json-20080701.jar:/home/gisgraphy/.m2/repository/com/google/android/maps/maps/7_r1/maps-7_r1.jar:/home/gisgraphy/.m2/repository/com/pivotallabs/robolectric/0.9.8/robolectric-0.9.8.jar:/home/gisgraphy/.m2/repository/org/objenesis/objenesis/1.0/objenesis-1.0.jar:/home/gisgraphy/.m2/repository/com/h2database/h2/1.2.147/h2-1.2.147.jar:/home/gisgraphy/.m2/repository/org/javassist/javassist/3.14.0-GA/javassist-3.14.0-GA.jar:/home/gisgraphy/.m2/repository/junit/junit/4.8.2/junit-4.8.2.jar:/home/gisgraphy/.m2/repository/com/gisgraphy/gisgraphy-commons/1.0/gisgraphy-commons-1.0.jar:/home/gisgraphy/.m2/repository/com/gisgraphy/universalserialiser-commons/2.0/universalserialiser-commons-2.0.jar:/home/gisgraphy/.m2/repository/log4j/log4j/1.2.13/log4j-1.2.13.jar:/home/gisgraphy/.m2/repository/com/google/code/gson/gson/1.7.1/gson-1.7.1.jar:/home/gisgraphy/.m2/repository/org/slf4j/slf4j-android/1.5.8/slf4j-android-1.5.8.jar:"/>
    <property name="java.specification.name" value="Java Platform API Specification"/>
    <property name="java.class.version" value="50.0"/>
    <property name="sun.management.compiler" value="HotSpot Tiered Compilers"/>
    <property name="os.version" value="2.6.38-8-generic-pae"/>
    <property name="user.home" value="/home/gisgraphy"/>
    <property name="user.timezone" value=""/>
    <property name="java.awt.printerjob" value="sun.print.PSPrinterJob"/>
    <property name="file.encoding" value="UTF-8"/>
    <property name="java.specification.version" value="1.6"/>
    <property name="user.name" value="gisgraphy"/>
    <property name="java.class.path" value="/home/gisgraphy/workspace/gisgraphoid/target/test-classes:/home/gisgraphy/workspace/gisgraphoid/target/classes:/home/gisgraphy/.m2/repository/com/google/android/android/2.1.2/android-2.1.2.jar:/home/gisgraphy/.m2/repository/commons-logging/commons-logging/1.1.1/commons-logging-1.1.1.jar:/home/gisgraphy/.m2/repository/org/apache/httpcomponents/httpclient/4.0.1/httpclient-4.0.1.jar:/home/gisgraphy/.m2/repository/org/apache/httpcomponents/httpcore/4.0.1/httpcore-4.0.1.jar:/home/gisgraphy/.m2/repository/commons-codec/commons-codec/1.3/commons-codec-1.3.jar:/home/gisgraphy/.m2/repository/org/khronos/opengl-api/gl1.1-android-2.1_r1/opengl-api-gl1.1-android-2.1_r1.jar:/home/gisgraphy/.m2/repository/xerces/xmlParserAPIs/2.6.2/xmlParserAPIs-2.6.2.jar:/home/gisgraphy/.m2/repository/xpp3/xpp3/1.1.4c/xpp3-1.1.4c.jar:/home/gisgraphy/.m2/repository/org/json/json/20080701/json-20080701.jar:/home/gisgraphy/.m2/repository/com/google/android/maps/maps/7_r1/maps-7_r1.jar:/home/gisgraphy/.m2/repository/com/pivotallabs/robolectric/0.9.8/robolectric-0.9.8.jar:/home/gisgraphy/.m2/repository/org/objenesis/objenesis/1.0/objenesis-1.0.jar:/home/gisgraphy/.m2/repository/com/h2database/h2/1.2.147/h2-1.2.147.jar:/home/gisgraphy/.m2/repository/org/javassist/javassist/3.14.0-GA/javassist-3.14.0-GA.jar:/home/gisgraphy/.m2/repository/junit/junit/4.8.2/junit-4.8.2.jar:/home/gisgraphy/.m2/repository/com/gisgraphy/gisgraphy-commons/1.0/gisgraphy-commons-1.0.jar:/home/gisgraphy/.m2/repository/com/gisgraphy/universalserialiser-commons/2.0/universalserialiser-commons-2.0.jar:/home/gisgraphy/.m2/repository/log4j/log4j/1.2.13/log4j-1.2.13.jar:/home/gisgraphy/.m2/repository/com/google/code/gson/gson/1.7.1/gson-1.7.1.jar:/home/gisgraphy/.m2/repository/org/slf4j/slf4j-android/1.5.8/slf4j-android-1.5.8.jar:"/>
    <property name="java.vm.specification.version" value="1.0"/>
    <property name="sun.arch.data.model" value="32"/>
    <property name="java.home" value="/usr/lib/jvm/java-6-sun-1.6.0.26/jre"/>
    <property name="sun.java.command" value="/tmp/surefirebooter3270533017915035791.jar /tmp/surefire4817841821405526671tmp /tmp/surefire5042086345724757068tmp"/>
    <property name="java.specification.vendor" value="Sun Microsystems Inc."/>
    <property name="user.language" value="fr"/>
    <property name="java.vm.info" value="mixed mode"/>
    <property name="java.version" value="1.6.0_26"/>
    <property name="java.ext.dirs" value="/usr/lib/jvm/java-6-sun-1.6.0.26/jre/lib/ext:/usr/java/packages/lib/ext"/>
    <property name="sun.boot.class.path" value="/usr/lib/jvm/java-6-sun-1.6.0.26/jre/lib/resources.jar:/usr/lib/jvm/java-6-sun-1.6.0.26/jre/lib/rt.jar:/usr/lib/jvm/java-6-sun-1.6.0.26/jre/lib/sunrsasign.jar:/usr/lib/jvm/java-6-sun-1.6.0.26/jre/lib/jsse.jar:/usr/lib/jvm/java-6-sun-1.6.0.26/jre/lib/jce.jar:/usr/lib/jvm/java-6-sun-1.6.0.26/jre/lib/charsets.jar:/usr/lib/jvm/java-6-sun-1.6.0.26/jre/lib/modules/jdk.boot.jar:/usr/lib/jvm/java-6-sun-1.6.0.26/jre/classes"/>
    <property name="java.vendor" value="Sun Microsystems Inc."/>
    <property name="localRepository" value="/home/gisgraphy/.m2/repository"/>
    <property name="file.separator" value="/"/>
    <property name="java.vendor.url.bug" value="http://java.sun.com/cgi-bin/bugreport.cgi"/>
    <property name="sun.cpu.endian" value="little"/>
    <property name="sun.io.unicode.encoding" value="UnicodeLittle"/>
    <property name="sun.desktop" value="gnome"/>
    <property name="sun.cpu.isalist" value=""/>
  </properties>
  <testcase time="0.005" classname="com.gisgraphy.gisgraphoid.RestClientTest" name="ConstructorShouldSetUrlAndAddEndingSlash"/>
  <testcase time="0" classname="com.gisgraphy.gisgraphoid.RestClientTest" name="ConstructorWithNullUrl"/>
</testsuite>